[19-Dec-2021 19:15:15 UTC] PHP Fatal error:  Uncaught Error: Call to undefined function bloginfor() in /Users/marknovelero/Local Sites/hounds-university/app/public/wp-content/themes/fictional-university-theme/index.php:10
Stack trace:
#0 /Users/marknovelero/Local Sites/hounds-university/app/public/wp-includes/template-loader.php(106): include()
#1 /Users/marknovelero/Local Sites/hounds-university/app/public/wp-blog-header.php(19): require_once('/Users/marknove...')
#2 /Users/marknovelero/Local Sites/hounds-university/app/public/index.php(17): require('/Users/marknove...')
#3 {main}
  thrown in /Users/marknovelero/Local Sites/hounds-university/app/public/wp-content/themes/fictional-university-theme/index.php on line 10
[19-Dec-2021 19:44:09 UTC] PHP Parse error:  syntax error, unexpected '++' (T_INC) in /Users/marknovelero/Local Sites/hounds-university/app/public/wp-content/themes/fictional-university-theme/index.php on line 8
[19-Dec-2021 20:03:45 UTC] PHP Fatal error:  Uncaught Error: Call to undefined function the_posts() in /Users/marknovelero/Local Sites/hounds-university/app/public/wp-content/themes/fictional-university-theme/index.php:4
Stack trace:
#0 /Users/marknovelero/Local Sites/hounds-university/app/public/wp-includes/template-loader.php(106): include()
#1 /Users/marknovelero/Local Sites/hounds-university/app/public/wp-blog-header.php(19): require_once('/Users/marknove...')
#2 /Users/marknovelero/Local Sites/hounds-university/app/public/index.php(17): require('/Users/marknove...')
#3 {main}
  thrown in /Users/marknovelero/Local Sites/hounds-university/app/public/wp-content/themes/fictional-university-theme/index.php on line 4
[19-Dec-2021 20:05:24 UTC] PHP Fatal error:  Uncaught Error: Call to undefined function the_posts() in /Users/marknovelero/Local Sites/hounds-university/app/public/wp-content/themes/fictional-university-theme/index.php:4
Stack trace:
#0 /Users/marknovelero/Local Sites/hounds-university/app/public/wp-includes/template-loader.php(106): include()
#1 /Users/marknovelero/Local Sites/hounds-university/app/public/wp-blog-header.php(19): require_once('/Users/marknove...')
#2 /Users/marknovelero/Local Sites/hounds-university/app/public/index.php(17): require('/Users/marknove...')
#3 {main}
  thrown in /Users/marknovelero/Local Sites/hounds-university/app/public/wp-content/themes/fictional-university-theme/index.php on line 4
[19-Dec-2021 20:16:56 UTC] PHP Warning:  Use of undefined constant the_permalink - assumed 'the_permalink' (this will throw an Error in a future version of PHP) in /Users/marknovelero/Local Sites/hounds-university/app/public/wp-content/themes/fictional-university-theme/index.php on line 6
[19-Dec-2021 20:16:56 UTC] PHP Stack trace:
[19-Dec-2021 20:16:56 UTC] PHP   1. {main}() /Users/marknovelero/Local Sites/hounds-university/app/public/index.php:0
[19-Dec-2021 20:16:56 UTC] PHP   2. require() /Users/marknovelero/Local Sites/hounds-university/app/public/index.php:17
[19-Dec-2021 20:16:56 UTC] PHP   3. require_once() /Users/marknovelero/Local Sites/hounds-university/app/public/wp-blog-header.php:19
[19-Dec-2021 20:16:56 UTC] PHP   4. include() /Users/marknovelero/Local Sites/hounds-university/app/public/wp-includes/template-loader.php:106
[19-Dec-2021 20:16:56 UTC] PHP Warning:  Use of undefined constant the_permalink - assumed 'the_permalink' (this will throw an Error in a future version of PHP) in /Users/marknovelero/Local Sites/hounds-university/app/public/wp-content/themes/fictional-university-theme/index.php on line 6
[19-Dec-2021 20:16:56 UTC] PHP Stack trace:
[19-Dec-2021 20:16:56 UTC] PHP   1. {main}() /Users/marknovelero/Local Sites/hounds-university/app/public/index.php:0
[19-Dec-2021 20:16:56 UTC] PHP   2. require() /Users/marknovelero/Local Sites/hounds-university/app/public/index.php:17
[19-Dec-2021 20:16:56 UTC] PHP   3. require_once() /Users/marknovelero/Local Sites/hounds-university/app/public/wp-blog-header.php:19
[19-Dec-2021 20:16:56 UTC] PHP   4. include() /Users/marknovelero/Local Sites/hounds-university/app/public/wp-includes/template-loader.php:106
[19-Dec-2021 20:16:56 UTC] PHP Warning:  Use of undefined constant the_permalink - assumed 'the_permalink' (this will throw an Error in a future version of PHP) in /Users/marknovelero/Local Sites/hounds-university/app/public/wp-content/themes/fictional-university-theme/index.php on line 6
[19-Dec-2021 20:16:56 UTC] PHP Stack trace:
[19-Dec-2021 20:16:56 UTC] PHP   1. {main}() /Users/marknovelero/Local Sites/hounds-university/app/public/index.php:0
[19-Dec-2021 20:16:56 UTC] PHP   2. require() /Users/marknovelero/Local Sites/hounds-university/app/public/index.php:17
[19-Dec-2021 20:16:56 UTC] PHP   3. require_once() /Users/marknovelero/Local Sites/hounds-university/app/public/wp-blog-header.php:19
[19-Dec-2021 20:16:56 UTC] PHP   4. include() /Users/marknovelero/Local Sites/hounds-university/app/public/wp-includes/template-loader.php:106
[20-Dec-2021 22:34:06 UTC] PHP Fatal error:  Uncaught Error: Call to undefined function get_theme_file_url() in /Users/marknovelero/Local Sites/hounds-university/app/public/wp-content/themes/fictional-university-theme/index.php:95
Stack trace:
#0 /Users/marknovelero/Local Sites/hounds-university/app/public/wp-includes/template-loader.php(106): include()
#1 /Users/marknovelero/Local Sites/hounds-university/app/public/wp-blog-header.php(19): require_once('/Users/marknove...')
#2 /Users/marknovelero/Local Sites/hounds-university/app/public/index.php(17): require('/Users/marknove...')
#3 {main}
  thrown in /Users/marknovelero/Local Sites/hounds-university/app/public/wp-content/themes/fictional-university-theme/index.php on line 95
[20-Dec-2021 22:34:57 UTC] PHP Fatal error:  Uncaught Error: Call to undefined function get_theme_file_url() in /Users/marknovelero/Local Sites/hounds-university/app/public/wp-content/themes/fictional-university-theme/index.php:95
Stack trace:
#0 /Users/marknovelero/Local Sites/hounds-university/app/public/wp-includes/template-loader.php(106): include()
#1 /Users/marknovelero/Local Sites/hounds-university/app/public/wp-blog-header.php(19): require_once('/Users/marknove...')
#2 /Users/marknovelero/Local Sites/hounds-university/app/public/index.php(17): require('/Users/marknove...')
#3 {main}
  thrown in /Users/marknovelero/Local Sites/hounds-university/app/public/wp-content/themes/fictional-university-theme/index.php on line 95
[20-Dec-2021 22:45:09 UTC] PHP Fatal error:  Uncaught Error: Call to undefined function mp_enqueue_script() in /Users/marknovelero/Local Sites/hounds-university/app/public/wp-content/themes/fictional-university-theme/functions.php:5
Stack trace:
#0 /Users/marknovelero/Local Sites/hounds-university/app/public/wp-includes/class-wp-hook.php(303): university_files('')
#1 /Users/marknovelero/Local Sites/hounds-university/app/public/wp-includes/class-wp-hook.php(327): WP_Hook->apply_filters(NULL, Array)
#2 /Users/marknovelero/Local Sites/hounds-university/app/public/wp-includes/plugin.php(470): WP_Hook->do_action(Array)
#3 /Users/marknovelero/Local Sites/hounds-university/app/public/wp-includes/script-loader.php(2083): do_action('wp_enqueue_scri...')
#4 /Users/marknovelero/Local Sites/hounds-university/app/public/wp-includes/class-wp-hook.php(303): wp_enqueue_scripts('')
#5 /Users/marknovelero/Local Sites/hounds-university/app/public/wp-includes/class-wp-hook.php(327): WP_Hook->apply_filters(NULL, Array)
#6 /Users/marknovelero/Local Sites/hounds-university/ap in /Users/marknovelero/Local Sites/hounds-university/app/public/wp-content/themes/fictional-university-theme/functions.php on line 5
[20-Dec-2021 22:45:33 UTC] PHP Parse error:  syntax error, unexpected ')' in /Users/marknovelero/Local Sites/hounds-university/app/public/wp-content/themes/fictional-university-theme/functions.php on line 5
[20-Dec-2021 22:46:43 UTC] PHP Fatal error:  Uncaught Error: Call to undefined function mp_enqueue_script() in /Users/marknovelero/Local Sites/hounds-university/app/public/wp-content/themes/fictional-university-theme/functions.php:5
Stack trace:
#0 /Users/marknovelero/Local Sites/hounds-university/app/public/wp-includes/class-wp-hook.php(303): university_files('')
#1 /Users/marknovelero/Local Sites/hounds-university/app/public/wp-includes/class-wp-hook.php(327): WP_Hook->apply_filters(NULL, Array)
#2 /Users/marknovelero/Local Sites/hounds-university/app/public/wp-includes/plugin.php(470): WP_Hook->do_action(Array)
#3 /Users/marknovelero/Local Sites/hounds-university/app/public/wp-includes/script-loader.php(2083): do_action('wp_enqueue_scri...')
#4 /Users/marknovelero/Local Sites/hounds-university/app/public/wp-includes/class-wp-hook.php(303): wp_enqueue_scripts('')
#5 /Users/marknovelero/Local Sites/hounds-university/app/public/wp-includes/class-wp-hook.php(327): WP_Hook->apply_filters(NULL, Array)
#6 /Users/marknovelero/Local Sites/hounds-university/ap in /Users/marknovelero/Local Sites/hounds-university/app/public/wp-content/themes/fictional-university-theme/functions.php on line 5
[20-Dec-2021 22:46:45 UTC] PHP Fatal error:  Uncaught Error: Call to undefined function mp_enqueue_script() in /Users/marknovelero/Local Sites/hounds-university/app/public/wp-content/themes/fictional-university-theme/functions.php:5
Stack trace:
#0 /Users/marknovelero/Local Sites/hounds-university/app/public/wp-includes/class-wp-hook.php(303): university_files('')
#1 /Users/marknovelero/Local Sites/hounds-university/app/public/wp-includes/class-wp-hook.php(327): WP_Hook->apply_filters(NULL, Array)
#2 /Users/marknovelero/Local Sites/hounds-university/app/public/wp-includes/plugin.php(470): WP_Hook->do_action(Array)
#3 /Users/marknovelero/Local Sites/hounds-university/app/public/wp-includes/script-loader.php(2083): do_action('wp_enqueue_scri...')
#4 /Users/marknovelero/Local Sites/hounds-university/app/public/wp-includes/class-wp-hook.php(303): wp_enqueue_scripts('')
#5 /Users/marknovelero/Local Sites/hounds-university/app/public/wp-includes/class-wp-hook.php(327): WP_Hook->apply_filters(NULL, Array)
#6 /Users/marknovelero/Local Sites/hounds-university/ap in /Users/marknovelero/Local Sites/hounds-university/app/public/wp-content/themes/fictional-university-theme/functions.php on line 5
